
Gurobi 8.1.1 (win64, Java) logging started 05/20/19 14:14:08

Academic license - for non-commercial use only
Optimize a model with 0 rows, 400 columns and 0 nonzeros
Model has 76382 quadratic objective terms
Variable types: 0 continuous, 400 integer (400 binary)
Coefficient statistics:
  Matrix range     [0e+00, 0e+00]
  Objective range  [0e+00, 0e+00]
  QObjective range [2e+00, 2e+01]
  Bounds range     [1e+00, 1e+00]
  RHS range        [0e+00, 0e+00]
Found heuristic solution: objective -0.0000000
Found heuristic solution: objective 1158.0000000
Presolve time: 0.12s
Presolved: 0 rows, 400 columns, 0 nonzeros
Presolved model has 76403 quadratic objective terms
Variable types: 0 continuous, 400 integer (400 binary)

Root relaxation: objective 1.692812e+04, 616 iterations, 0.07 seconds

    Nodes    |    Current Node    |     Objective Bounds      |     Work
 Expl Unexpl |  Obj  Depth IntInf | Incumbent    BestBd   Gap | It/Node Time

H    0     0                    14126.000000 210360.000  1389%     -    0s
     0     0 16928.1167    0  269 14126.0000 16928.1167  19.8%     -    0s
H    0     0                    14672.000000 16928.1167  15.4%     -    0s
H    0     0                    14731.000000 16928.1167  14.9%     -    0s
     0     0 16928.1167    0  269 14731.0000 16928.1167  14.9%     -    0s
     0     2 16928.1167    0  269 14731.0000 16928.1167  14.9%     -    0s
H  186   187                    14733.000000 16869.8355  14.5%   9.1    1s
H  879   881                    14739.000000 16869.8355  14.5%   8.2    3s
H  977   977                    14741.000000 16869.8355  14.4%   8.1    3s
  1909  1877 16285.5261   37  228 14741.0000 16855.0099  14.3%   7.5    5s
H 2152  1968                    14743.000000 16855.0099  14.3%   7.6    6s
H 2824  2322                    14793.000000 16855.0099  13.9%   7.7    8s
  3443  2688 15865.2646   64  214 14793.0000 16855.0099  13.9%   7.6   10s
  5950  4242 14815.5030  174   93 14793.0000 16855.0099  13.9%   7.5   15s
H 6890  4678                    14794.000000 16855.0099  13.9%   7.4   18s

Gurobi 8.1.1 (win64, Java) logging started 05/20/19 14:14:30

Academic license - for non-commercial use only
Optimize a model with 0 rows, 400 columns and 0 nonzeros
Model has 76382 quadratic objective terms
Variable types: 0 continuous, 400 integer (400 binary)
Coefficient statistics:
  Matrix range     [0e+00, 0e+00]
  Objective range  [0e+00, 0e+00]
  QObjective range [2e+00, 2e+01]
  Bounds range     [1e+00, 1e+00]
  RHS range        [0e+00, 0e+00]
Found heuristic solution: objective -0.0000000
Found heuristic solution: objective 1158.0000000
Presolve time: 0.12s
Presolved: 0 rows, 400 columns, 0 nonzeros
Presolved model has 76403 quadratic objective terms
Variable types: 0 continuous, 400 integer (400 binary)

Root relaxation: objective 1.692812e+04, 616 iterations, 0.07 seconds

    Nodes    |    Current Node    |     Objective Bounds      |     Work
 Expl Unexpl |  Obj  Depth IntInf | Incumbent    BestBd   Gap | It/Node Time

H    0     0                    14126.000000 210360.000  1389%     -    0s
     0     0 16928.1167    0  269 14126.0000 16928.1167  19.8%     -    0s
H    0     0                    14672.000000 16928.1167  15.4%     -    0s
H    0     0                    14731.000000 16928.1167  14.9%     -    0s
     0     0 16928.1167    0  269 14731.0000 16928.1167  14.9%     -    0s
     0     2 16928.1167    0  269 14731.0000 16928.1167  14.9%     -    0s
H  186   187                    14733.000000 16869.8355  14.5%   9.1    1s
H  879   881                    14739.000000 16869.8355  14.5%   8.2    2s
H  977   977                    14741.000000 16869.8355  14.4%   8.1    3s
  2052  1994 16187.9614   44  225 14741.0000 16855.0099  14.3%   7.4    5s
H 2152  1968                    14743.000000 16855.0099  14.3%   7.6    6s
H 2824  2322                    14793.000000 16855.0099  13.9%   7.7    8s
  3513  2730 15861.5813   66  219 14793.0000 16855.0099  13.9%   7.6   10s
  6159  4332 16812.0113   20  265 14793.0000 16855.0099  13.9%   7.4   15s
H 6890  4678                    14794.000000 16855.0099  13.9%   7.4   18s
  7910  5469 16333.2032   46  241 14794.0000 16855.0099  13.9%   7.3   20s
 10998  8287 15786.9506   67  223 14794.0000 16833.9966  13.8%   7.1   25s
 13989 11000 14946.4006  118  177 14794.0000 16816.5309  13.7%   7.1   30s
 16689 13458 16617.9870   50  235 14794.0000 16807.6756  13.6%   7.1   35s
 19984 16467 15113.3950  110  179 14794.0000 16800.4469  13.6%   7.1   40s
 22843 19114 16763.1603   42  244 14794.0000 16795.4296  13.5%   7.1   46s
 25423 21454 16067.0428   75  211 14794.0000 16789.9315  13.5%   7.1   50s
 27383 23242 15116.1020  151  124 14794.0000 16788.8239  13.5%   7.1   56s
 29147 24887 16015.4375   79  203 14794.0000 16785.9419  13.5%   7.1   60s
 32969 28403 16054.4291   58  231 14794.0000 16782.1509  13.4%   7.1   66s
 35416 30621 15935.7510   63  223 14794.0000 16779.1378  13.4%   7.1   71s
 36632 31770 16564.0443   42  241 14794.0000 16779.0600  13.4%   7.1   75s
 40360 35286 16238.3135   47  239 14794.0000 16777.3268  13.4%   7.1   81s
